Creating directory 'data\generated\train\1'...
  Directory created!
Creating directory 'data\generated\train\0'...
  Directory created!
Creating directory 'data\generated\val\1'...
  Directory created!
Creating directory 'data\generated\val\0'...
  Directory created!
1.) processing 'data\baza_slika\040603\P1010001.jpg' and saving...
  Time elapsed: 3.02000093460083s.
2.) processing 'data\baza_slika\040603\P1010002.jpg' and saving...
  Time elapsed: 2.7419991493225098s.
3.) processing 'data\baza_slika\040603\P1010003.jpg' and saving...
  Time elapsed: 2.9560000896453857s.
4.) processing 'data\baza_slika\040603\P1010004.jpg' and saving...
  Time elapsed: 3.009000062942505s.
5.) processing 'data\baza_slika\040603\P1010005.jpg' and saving...
  Time elapsed: 2.424999475479126s.
6.) processing 'data\baza_slika\040603\P1010006.jpg' and saving...
  Time elapsed: 2.940999984741211s.
7.) processing 'data\baza_slika\040603\P6040007.jpg' and saving...
  Time elapsed: 3.13900089263916s.
8.) processing 'data\baza_slika\040603\P6040008.jpg' and saving...
  Time elapsed: 2.866999387741089s.
9.) processing 'data\baza_slika\040603\P6040009.jpg' and saving...
  Time elapsed: 2.993001699447632s.
10.) processing 'data\baza_slika\040603\P6040010.jpg' and saving...
  Time elapsed: 2.9729983806610107s.
11.) processing 'data\baza_slika\040603\P6040011.jpg' and saving...
  Time elapsed: 2.884999990463257s.
12.) processing 'data\baza_slika\040603\P6040012.jpg' and saving...
  Time elapsed: 2.7630012035369873s.
13.) processing 'data\baza_slika\040603\P6040013.jpg' and saving...
  Time elapsed: 3.045999050140381s.
14.) processing 'data\baza_slika\040603\P6040014.jpg' and saving...
  Time elapsed: 3.1150004863739014s.
15.) processing 'data\baza_slika\040603\P6040015.jpg' and saving...
  Time elapsed: 2.9399993419647217s.
16.) processing 'data\baza_slika\040603\P6040016.jpg' and saving...
  Time elapsed: 2.773000717163086s.
17.) processing 'data\baza_slika\040603\P6040017.jpg' and saving...
  Time elapsed: 2.8299992084503174s.
18.) processing 'data\baza_slika\040603\P6040018.jpg' and saving...
  Time elapsed: 2.851999282836914s.
19.) processing 'data\baza_slika\040603\P6040019.jpg' and saving...
  Time elapsed: 2.948000907897949s.
20.) processing 'data\baza_slika\040603\P6040020.jpg' and saving...
  Time elapsed: 2.9630002975463867s.
21.) processing 'data\baza_slika\040603\P6040021.jpg' and saving...
  Time elapsed: 3.0049996376037598s.
22.) processing 'data\baza_slika\040603\P6040022.jpg' and saving...
  Time elapsed: 2.849001407623291s.
23.) processing 'data\baza_slika\040603\P6040023.jpg' and saving...
  Time elapsed: 2.967998504638672s.
24.) processing 'data\baza_slika\040603\P6040024.jpg' and saving...
  Time elapsed: 2.9370012283325195s.
25.) processing 'data\baza_slika\040603\P6040025.jpg' and saving...
  Time elapsed: 2.921999931335449s.
26.) processing 'data\baza_slika\040603\P6040026.jpg' and saving...
  Time elapsed: 2.9820001125335693s.
27.) processing 'data\baza_slika\040603\P6040027.jpg' and saving...
  Time elapsed: 3.0779988765716553s.
28.) processing 'data\baza_slika\040603\P6040028.jpg' and saving...
  Time elapsed: 2.67699933052063s.
29.) processing 'data\baza_slika\040603\P6040029.jpg' and saving...
  Time elapsed: 2.7290000915527344s.
30.) processing 'data\baza_slika\040603\P6040030.jpg' and saving...
  Time elapsed: 2.9129998683929443s.
31.) processing 'data\baza_slika\040603\P6040031.jpg' and saving...
  Time elapsed: 2.9280107021331787s.
32.) processing 'data\baza_slika\040603\P6040032.jpg' and saving...
  Time elapsed: 2.9710001945495605s.
33.) processing 'data\baza_slika\040603\P6040033.jpg' and saving...
  Time elapsed: 2.785999298095703s.
34.) processing 'data\baza_slika\040603\P6040034.jpg' and saving...
  Time elapsed: 2.6720011234283447s.
35.) processing 'data\baza_slika\040603\P6040035.jpg' and saving...
  Time elapsed: 2.92099928855896s.
36.) processing 'data\baza_slika\040603\P6040036.jpg' and saving...
  Time elapsed: 2.9279990196228027s.
37.) processing 'data\baza_slika\040603\P6040037.jpg' and saving...
  Time elapsed: 2.609001636505127s.
38.) processing 'data\baza_slika\040603\P6040038.jpg' and saving...
  Time elapsed: 2.830998420715332s.
39.) processing 'data\baza_slika\040603\P6040039.jpg' and saving...
  Time elapsed: 2.885000467300415s.
40.) processing 'data\baza_slika\040603\P6040040.jpg' and saving...
  Time elapsed: 2.6810011863708496s.
41.) processing 'data\baza_slika\040603\P6040041.jpg' and saving...
  Time elapsed: 2.7590012550354004s.
42.) processing 'data\baza_slika\040603\P6040042.jpg' and saving...
  Time elapsed: 3.0329976081848145s.
43.) processing 'data\baza_slika\040603\P6040043.jpg' and saving...
  Time elapsed: 2.9389991760253906s.
44.) processing 'data\baza_slika\040603\P6040044.jpg' and saving...
  Time elapsed: 2.957000494003296s.
45.) processing 'data\baza_slika\040603\P6040045.jpg' and saving...
  Time elapsed: 2.722001552581787s.
46.) processing 'data\baza_slika\040603\P6040046.jpg' and saving...
  Time elapsed: 2.923999547958374s.
47.) processing 'data\baza_slika\040603\P6040047.jpg' and saving...
  Time elapsed: 2.9429996013641357s.
48.) processing 'data\baza_slika\040603\P6040048.jpg' and saving...
  Time elapsed: 2.6309995651245117s.
49.) processing 'data\baza_slika\040603\P6040049.jpg' and saving...
  Time elapsed: 2.8550000190734863s.
50.) processing 'data\baza_slika\040603\P6040050.jpg' and saving...
  Time elapsed: 2.8850016593933105s.
51.) processing 'data\baza_slika\040603\P6040051.jpg' and saving...
  Time elapsed: 3.00600004196167s.
52.) processing 'data\baza_slika\040603\P6040052.jpg' and saving...
  Time elapsed: 2.9359993934631348s.
53.) processing 'data\baza_slika\040603\P6040053.jpg' and saving...
  Time elapsed: 2.4969992637634277s.
54.) processing 'data\baza_slika\040603\P6040054.jpg' and saving...
  Time elapsed: 2.8209996223449707s.
55.) processing 'data\baza_slika\040603\P6040055.jpg' and saving...
  Time elapsed: 2.961000680923462s.
56.) processing 'data\baza_slika\040603\P6040056.jpg' and saving...
  Time elapsed: 2.9140005111694336s.
57.) processing 'data\baza_slika\040603\P6040057.jpg' and saving...
  Time elapsed: 3.0439987182617188s.
58.) processing 'data\baza_slika\040603\P6040058.jpg' and saving...
  Time elapsed: 3.060999631881714s.
59.) processing 'data\baza_slika\040603\P6040059.jpg' and saving...
  Time elapsed: 2.8540003299713135s.
60.) processing 'data\baza_slika\040603\P6040060.jpg' and saving...
  Time elapsed: 2.8750007152557373s.
61.) processing 'data\baza_slika\040603\P6040061.jpg' and saving...
  Time elapsed: 2.9509992599487305s.
62.) processing 'data\baza_slika\040603\P6040062.jpg' and saving...
  Time elapsed: 2.630000114440918s.
63.) processing 'data\baza_slika\040603\P6040063.jpg' and saving...
  Time elapsed: 2.875000238418579s.
64.) processing 'data\baza_slika\040603\P6040064.jpg' and saving...
  Time elapsed: 2.8190014362335205s.
65.) processing 'data\baza_slika\040603\P6040065.jpg' and saving...
  Time elapsed: 2.8149986267089844s.
66.) processing 'data\baza_slika\040603\P6040066.jpg' and saving...
  Time elapsed: 2.928999900817871s.
67.) processing 'data\baza_slika\040603\P6040067.jpg' and saving...
  Time elapsed: 2.885000228881836s.
68.) processing 'data\baza_slika\040603\P6040068.jpg' and saving...
  Time elapsed: 2.80199933052063s.
69.) processing 'data\baza_slika\040603\P6040069.jpg' and saving...
  Time elapsed: 2.5749995708465576s.
70.) processing 'data\baza_slika\040603\P6040070.jpg' and saving...
  Time elapsed: 3.1870005130767822s.
71.) processing 'data\baza_slika\040603\P6040071.jpg' and saving...
  Time elapsed: 2.6610023975372314s.
72.) processing 'data\baza_slika\040603\P6040072.jpg' and saving...
  Time elapsed: 3.06099796295166s.
73.) processing 'data\baza_slika\070603\P6070001.jpg' and saving...
  Time elapsed: 2.984999418258667s.
74.) processing 'data\baza_slika\070603\P6070002.jpg' and saving...
  Time elapsed: 2.8359997272491455s.
75.) processing 'data\baza_slika\070603\P6070003.jpg' and saving...
  Time elapsed: 2.6590001583099365s.
76.) processing 'data\baza_slika\070603\P6070004.jpg' and saving...
  Time elapsed: 2.561000347137451s.
77.) processing 'data\baza_slika\070603\P6070005.jpg' and saving...
  Time elapsed: 2.6830005645751953s.
78.) processing 'data\baza_slika\070603\P6070006.jpg' and saving...
  Time elapsed: 2.7389988899230957s.
79.) processing 'data\baza_slika\070603\P6070007.jpg' and saving...
  Time elapsed: 2.9270012378692627s.
80.) processing 'data\baza_slika\070603\P6070008.jpg' and saving...
  Time elapsed: 2.740999221801758s.
81.) processing 'data\baza_slika\070603\P6070009.jpg' and saving...
  Time elapsed: 3.0210001468658447s.
82.) processing 'data\baza_slika\070603\P6070010.jpg' and saving...
  Time elapsed: 2.906001567840576s.
83.) processing 'data\baza_slika\070603\P6070011.jpg' and saving...
  Time elapsed: 2.8829989433288574s.
84.) processing 'data\baza_slika\070603\P6070012.jpg' and saving...
  Time elapsed: 3.242000102996826s.
85.) processing 'data\baza_slika\070603\P6070013.jpg' and saving...
  Time elapsed: 2.942999839782715s.
86.) processing 'data\baza_slika\070603\P6070014.jpg' and saving...
  Time elapsed: 3.1409993171691895s.
87.) processing 'data\baza_slika\070603\P6070015.jpg' and saving...
  Time elapsed: 2.9590020179748535s.
88.) processing 'data\baza_slika\070603\P6070016.jpg' and saving...
  Time elapsed: 2.632999897003174s.
89.) processing 'data\baza_slika\070603\P6070017.jpg' and saving...
  Time elapsed: 2.886997699737549s.
90.) processing 'data\baza_slika\070603\P6070018.jpg' and saving...
  Time elapsed: 2.8950021266937256s.
91.) processing 'data\baza_slika\070603\P6070019.jpg' and saving...
  Time elapsed: 2.9869985580444336s.
92.) processing 'data\baza_slika\070603\P6070020.jpg' and saving...
  Time elapsed: 2.9990010261535645s.
93.) processing 'data\baza_slika\070603\P6070021.jpg' and saving...
  Time elapsed: 2.968998670578003s.
94.) processing 'data\baza_slika\070603\P6070022.jpg' and saving...
  Time elapsed: 2.680999994277954s.
95.) processing 'data\baza_slika\070603\P6070023.jpg' and saving...
  Time elapsed: 3.1230006217956543s.
96.) processing 'data\baza_slika\070603\P6070024.jpg' and saving...
  Time elapsed: 3.116999626159668s.
97.) processing 'data\baza_slika\070603\P6070025.jpg' and saving...
  Time elapsed: 2.81600022315979s.
98.) processing 'data\baza_slika\070603\P6070026.jpg' and saving...
  Time elapsed: 2.900001287460327s.
99.) processing 'data\baza_slika\070603\P6070027.jpg' and saving...
  Time elapsed: 3.0639989376068115s.
100.) processing 'data\baza_slika\070603\P6070028.jpg' and saving...
  Time elapsed: 2.727001428604126s.
101.) processing 'data\baza_slika\070603\P6070029.jpg' and saving...
  Time elapsed: 2.746999740600586s.
102.) processing 'data\baza_slika\070603\P6070030.jpg' and saving...
  Time elapsed: 2.9109983444213867s.
103.) processing 'data\baza_slika\070603\P6070031.jpg' and saving...
  Time elapsed: 2.8199996948242188s.
104.) processing 'data\baza_slika\070603\P6070032.jpg' and saving...
  Time elapsed: 2.9910008907318115s.
105.) processing 'data\baza_slika\070603\P6070033.jpg' and saving...
  Time elapsed: 2.793999671936035s.
106.) processing 'data\baza_slika\070603\P6070034.jpg' and saving...
  Time elapsed: 2.961001396179199s.
107.) processing 'data\baza_slika\070603\P6070035.jpg' and saving...
  Time elapsed: 2.896998405456543s.
108.) processing 'data\baza_slika\070603\P6070036.jpg' and saving...
  Time elapsed: 3.048999309539795s.
109.) processing 'data\baza_slika\070603\P6070037.jpg' and saving...
  Time elapsed: 2.8400020599365234s.
110.) processing 'data\baza_slika\070603\P6070038.jpg' and saving...
  Time elapsed: 3.1269991397857666s.
111.) processing 'data\baza_slika\070603\P6070039.jpg' and saving...
  Time elapsed: 2.9579992294311523s.
112.) processing 'data\baza_slika\070603\P6070040.jpg' and saving...
  Time elapsed: 2.7740015983581543s.
113.) processing 'data\baza_slika\070603\P6070041.jpg' and saving...
  Time elapsed: 2.577998399734497s.
114.) processing 'data\baza_slika\070603\P6070042.jpg' and saving...
  Time elapsed: 2.5080018043518066s.
115.) processing 'data\baza_slika\070603\P6070043.jpg' and saving...
  Time elapsed: 2.9619975090026855s.
116.) processing 'data\baza_slika\070603\P6070044.jpg' and saving...
  Time elapsed: 2.8400020599365234s.
117.) processing 'data\baza_slika\070603\P6070045.jpg' and saving...
  Time elapsed: 2.6939985752105713s.
118.) processing 'data\baza_slika\070603\P6070046.jpg' and saving...
  Time elapsed: 2.681000232696533s.
119.) processing 'data\baza_slika\070603\P6070047.jpg' and saving...
  Time elapsed: 2.820000410079956s.
120.) processing 'data\baza_slika\070603\P6070048.jpg' and saving...
  Time elapsed: 2.70500111579895s.
121.) processing 'data\baza_slika\070603\P6070049.jpg' and saving...
  Time elapsed: 2.814997911453247s.
122.) processing 'data\baza_slika\070603\P6070050.jpg' and saving...
  Time elapsed: 2.6570000648498535s.
123.) processing 'data\baza_slika\070603\P6070051.jpg' and saving...
  Time elapsed: 2.8340022563934326s.
124.) processing 'data\baza_slika\070603\P6070052.jpg' and saving...
  Time elapsed: 2.5460000038146973s.
125.) processing 'data\baza_slika\070603\P6070053.jpg' and saving...
  Time elapsed: 3.0049986839294434s.
126.) processing 'data\baza_slika\070603\P6070054.jpg' and saving...
  Time elapsed: 2.7149999141693115s.
127.) processing 'data\baza_slika\070603\P6070055.jpg' and saving...
  Time elapsed: 2.703002691268921s.
128.) processing 'data\baza_slika\070603\P6070056.jpg' and saving...
  Time elapsed: 3.0549986362457275s.
129.) processing 'data\baza_slika\070603\P6070057.jpg' and saving...
  Time elapsed: 2.95399808883667s.
130.) processing 'data\baza_slika\070603\P6070058.jpg' and saving...
  Time elapsed: 3.039001226425171s.
131.) processing 'data\baza_slika\070603\P6070059.jpg' and saving...
  Time elapsed: 2.8640005588531494s.
132.) processing 'data\baza_slika\070603\P6070060.jpg' and saving...
  Time elapsed: 2.819000005722046s.
133.) processing 'data\baza_slika\070603\P6070061.jpg' and saving...
  Time elapsed: 2.828998327255249s.
134.) processing 'data\baza_slika\070603\P6070062.jpg' and saving...
  Time elapsed: 2.9089999198913574s.
135.) processing 'data\baza_slika\070603\P6070063.jpg' and saving...
  Time elapsed: 2.7510018348693848s.
136.) processing 'data\baza_slika\070603\P6070064.jpg' and saving...
  Time elapsed: 2.8999996185302734s.
137.) processing 'data\baza_slika\070603\P6070065.jpg' and saving...
  Time elapsed: 2.9830002784729004s.
138.) processing 'data\baza_slika\070603\P6070066.jpg' and saving...
  Time elapsed: 2.96099853515625s.
139.) processing 'data\baza_slika\070603\P6070067.jpg' and saving...
  Time elapsed: 2.8239989280700684s.
140.) processing 'data\baza_slika\070603\P6070068.jpg' and saving...
  Time elapsed: 2.772001028060913s.
141.) processing 'data\baza_slika\070603\P6070069.jpg' and saving...
  Time elapsed: 2.693002700805664s.
142.) processing 'data\baza_slika\070603\P6070070.jpg' and saving...
  Time elapsed: 2.8229990005493164s.
143.) processing 'data\baza_slika\070603\P6070071.jpg' and saving...
  Time elapsed: 2.6449997425079346s.
144.) processing 'data\baza_slika\070603\P6070072.jpg' and saving...
  Time elapsed: 2.4279983043670654s.
145.) processing 'data\baza_slika\070603\P6070073.jpg' and saving...
  Time elapsed: 2.7669999599456787s.
146.) processing 'data\baza_slika\070603\P6070074.jpg' and saving...
  Time elapsed: 2.810002088546753s.
147.) processing 'data\baza_slika\070603\P6070075.jpg' and saving...
  Time elapsed: 2.8429982662200928s.
148.) processing 'data\baza_slika\070603\P6070076.jpg' and saving...
  Time elapsed: 3.180001735687256s.
149.) processing 'data\baza_slika\070603\P6070077.jpg' and saving...
  Time elapsed: 2.752997636795044s.
150.) processing 'data\baza_slika\070603\P6070078.jpg' and saving...
  Time elapsed: 2.458000421524048s.
151.) processing 'data\baza_slika\070603\P6070079.jpg' and saving...
  Time elapsed: 2.6470024585723877s.
152.) processing 'data\baza_slika\070603\P6070080.jpg' and saving...
  Time elapsed: 2.8599977493286133s.
153.) processing 'data\baza_slika\070603\P6070081.jpg' and saving...
  Time elapsed: 2.9429991245269775s.
154.) processing 'data\baza_slika\070603\P6070082.jpg' and saving...
  Time elapsed: 2.9280025959014893s.
155.) processing 'data\baza_slika\070603\P6070083.jpg' and saving...
  Time elapsed: 2.596998453140259s.
156.) processing 'data\baza_slika\070603\P6070084.jpg' and saving...
  Time elapsed: 2.6190028190612793s.
157.) processing 'data\baza_slika\070603\P6070085.jpg' and saving...
  Time elapsed: 2.7589964866638184s.
158.) processing 'data\baza_slika\070603\P6070086.jpg' and saving...
  Time elapsed: 2.7620019912719727s.
159.) processing 'data\baza_slika\070603\P6070087.jpg' and saving...
  Time elapsed: 2.772998332977295s.
160.) processing 'data\baza_slika\070603\P6070088.jpg' and saving...
  Time elapsed: 2.8140017986297607s.
161.) processing 'data\baza_slika\070603\P6070089.jpg' and saving...
  Time elapsed: 2.741001605987549s.
162.) processing 'data\baza_slika\070603\P6070090.jpg' and saving...
  Time elapsed: 2.6509954929351807s.
163.) processing 'data\baza_slika\070603\P6070091.jpg' and saving...
  Time elapsed: 2.7540016174316406s.
164.) processing 'data\baza_slika\070603\P6070092.jpg' and saving...
  Time elapsed: 3.167999744415283s.
165.) processing 'data\baza_slika\070603\P6070093.jpg' and saving...
  Time elapsed: 2.850999355316162s.
166.) processing 'data\baza_slika\070603\P6070094.jpg' and saving...
  Time elapsed: 2.820000410079956s.
167.) processing 'data\baza_slika\070603\P6070095.jpg' and saving...
  Time elapsed: 2.884999990463257s.
168.) processing 'data\baza_slika\070603\P6070096.jpg' and saving...
  Time elapsed: 2.5220017433166504s.
169.) processing 'data\baza_slika\070603\P6070097.jpg' and saving...
  Time elapsed: 2.839998483657837s.
170.) processing 'data\baza_slika\070603\P6070098.jpg' and saving...
  Time elapsed: 2.6559994220733643s.
171.) processing 'data\baza_slika\070603\P6070099.jpg' and saving...
  Time elapsed: 2.6480021476745605s.
172.) processing 'data\baza_slika\070603\P6070100.jpg' and saving...
  Time elapsed: 2.811997890472412s.
173.) processing 'data\baza_slika\070603\P6070101.jpg' and saving...
  Time elapsed: 2.872999429702759s.
174.) processing 'data\baza_slika\141002\Pa140001.jpg' and saving...
  Time elapsed: 2.9920029640197754s.
175.) processing 'data\baza_slika\141002\Pa140002.jpg' and saving...
  Time elapsed: 2.875000238418579s.
176.) processing 'data\baza_slika\141002\Pa140003.jpg' and saving...
  Time elapsed: 2.794997215270996s.
177.) processing 'data\baza_slika\141002\Pa140004.jpg' and saving...
  Time elapsed: 2.738002300262451s.
178.) processing 'data\baza_slika\141002\Pa140005.jpg' and saving...
  Time elapsed: 2.86999773979187s.
179.) processing 'data\baza_slika\141002\Pa140006.jpg' and saving...
  Time elapsed: 2.619002103805542s.
180.) processing 'data\baza_slika\141002\Pa140007.jpg' and saving...
  Time elapsed: 2.463998794555664s.
181.) processing 'data\baza_slika\141002\Pa140008.jpg' and saving...
  Time elapsed: 2.483001232147217s.
182.) processing 'data\baza_slika\141002\Pa140009.jpg' and saving...
  Time elapsed: 2.6879987716674805s.
183.) processing 'data\baza_slika\141002\Pa140010.jpg' and saving...
  Time elapsed: 2.6159989833831787s.
184.) processing 'data\baza_slika\141002\Pa140011.jpg' and saving...
  Time elapsed: 3.0480005741119385s.
185.) processing 'data\baza_slika\141002\Pa140012.jpg' and saving...
  Time elapsed: 2.697000026702881s.
186.) processing 'data\baza_slika\141002\Pa140013.jpg' and saving...
  Time elapsed: 2.6389994621276855s.
187.) processing 'data\baza_slika\141002\Pa140014.jpg' and saving...
  Time elapsed: 2.9920005798339844s.
188.) processing 'data\baza_slika\141002\Pa140015.jpg' and saving...
  Time elapsed: 2.635999917984009s.
189.) processing 'data\baza_slika\141002\Pa140016.jpg' and saving...
  Time elapsed: 2.7180020809173584s.
190.) processing 'data\baza_slika\141002\Pa140017.jpg' and saving...
  Time elapsed: 2.6059978008270264s.
191.) processing 'data\baza_slika\141002\Pa140018.jpg' and saving...
  Time elapsed: 2.828000068664551s.
192.) processing 'data\baza_slika\141002\Pa140019.jpg' and saving...
  Time elapsed: 2.8429996967315674s.
193.) processing 'data\baza_slika\141002\Pa140020.jpg' and saving...
  Time elapsed: 2.7650020122528076s.
194.) processing 'data\baza_slika\141002\Pa140021.jpg' and saving...
  Time elapsed: 2.8149983882904053s.
195.) processing 'data\baza_slika\141002\Pa140022.jpg' and saving...
  Time elapsed: 3.155001640319824s.
196.) processing 'data\baza_slika\141002\Pa140023.jpg' and saving...
  Time elapsed: 2.8119988441467285s.
197.) processing 'data\baza_slika\141002\Pa140024.jpg' and saving...
  Time elapsed: 2.420999526977539s.
198.) processing 'data\baza_slika\141002\Pa140025.jpg' and saving...
  Time elapsed: 2.821000576019287s.
199.) processing 'data\baza_slika\141002\Pa140026.jpg' and saving...
  Time elapsed: 2.89500093460083s.
200.) processing 'data\baza_slika\141002\Pa140027.jpg' and saving...
  Time elapsed: 2.44599986076355s.
201.) processing 'data\baza_slika\141002\Pa140028.jpg' and saving...
  Time elapsed: 2.675997734069824s.
202.) processing 'data\baza_slika\141002\Pa140029.jpg' and saving...
  Time elapsed: 2.58500075340271s.
203.) processing 'data\baza_slika\141002\Pa140030.jpg' and saving...
  Time elapsed: 2.7730016708374023s.
204.) processing 'data\baza_slika\141002\Pa140031.jpg' and saving...
  Time elapsed: 3.178999662399292s.
205.) processing 'data\baza_slika\141002\Pa140032.jpg' and saving...
  Time elapsed: 2.7399985790252686s.
206.) processing 'data\baza_slika\141002\Pa140033.jpg' and saving...
  Time elapsed: 2.5080015659332275s.
207.) processing 'data\baza_slika\141002\Pa140034.jpg' and saving...
  Time elapsed: 2.6810007095336914s.
208.) processing 'data\baza_slika\141002\Pa140035.jpg' and saving...
  Time elapsed: 2.867997407913208s.
209.) processing 'data\baza_slika\141002\Pa140036.jpg' and saving...
  Time elapsed: 2.3650004863739014s.
210.) processing 'data\baza_slika\141002\Pa140037.jpg' and saving...
  Time elapsed: 3.113999843597412s.
211.) processing 'data\baza_slika\141002\Pa140038.jpg' and saving...
  Time elapsed: 2.894000291824341s.
212.) processing 'data\baza_slika\141002\Pa140039.jpg' and saving...
  Time elapsed: 2.6140012741088867s.
213.) processing 'data\baza_slika\141002\Pa140040.jpg' and saving...
  Time elapsed: 2.59799861907959s.
214.) processing 'data\baza_slika\141002\Pa140041.jpg' and saving...
  Time elapsed: 2.5840003490448s.
215.) processing 'data\baza_slika\141002\Pa140042.jpg' and saving...
  Time elapsed: 2.7619993686676025s.
216.) processing 'data\baza_slika\141002\Pa140043.jpg' and saving...
  Time elapsed: 2.7300000190734863s.
217.) processing 'data\baza_slika\141002\Pa140044.jpg' and saving...
  Time elapsed: 2.6700000762939453s.
218.) processing 'data\baza_slika\141002\Pa140045.jpg' and saving...
  Time elapsed: 2.6340012550354004s.
219.) processing 'data\baza_slika\141002\Pa140046.jpg' and saving...
  Time elapsed: 2.582998752593994s.
220.) processing 'data\baza_slika\170902\P9170008.jpg' and saving...
  Time elapsed: 2.8850009441375732s.
221.) processing 'data\baza_slika\170902\P9170009.jpg' and saving...
  Time elapsed: 3.0079994201660156s.
222.) processing 'data\baza_slika\170902\P9170010.jpg' and saving...
  Time elapsed: 2.755000114440918s.
223.) processing 'data\baza_slika\170902\P9170011.jpg' and saving...
  Time elapsed: 2.599001407623291s.
224.) processing 'data\baza_slika\170902\P9170012.jpg' and saving...
  Time elapsed: 3.007000207901001s.
225.) processing 'data\baza_slika\170902\P9170013.jpg' and saving...
  Time elapsed: 2.7299997806549072s.
226.) processing 'data\baza_slika\170902\P9170014.jpg' and saving...
  Time elapsed: 2.827998638153076s.
227.) processing 'data\baza_slika\170902\P9170015.jpg' and saving...
  Time elapsed: 2.766002655029297s.
228.) processing 'data\baza_slika\170902\P9170016.jpg' and saving...
  Time elapsed: 2.9939990043640137s.
229.) processing 'data\baza_slika\170902\P9170017.jpg' and saving...
  Time elapsed: 3.018998146057129s.
230.) processing 'data\baza_slika\170902\P9170018.jpg' and saving...
  Time elapsed: 2.6469998359680176s.
231.) processing 'data\baza_slika\170902\P9170019.jpg' and saving...
  Time elapsed: 2.9950006008148193s.
232.) processing 'data\baza_slika\170902\P9170020.jpg' and saving...
  Time elapsed: 2.7349987030029297s.
233.) processing 'data\baza_slika\170902\P9170021.jpg' and saving...
  Time elapsed: 2.9950008392333984s.
234.) processing 'data\baza_slika\170902\P9170022.jpg' and saving...
  Time elapsed: 2.9240005016326904s.
235.) processing 'data\baza_slika\170902\P9170023.jpg' and saving...
  Time elapsed: 3.0000009536743164s.
236.) processing 'data\baza_slika\170902\P9170024.jpg' and saving...
  Time elapsed: 2.584998369216919s.
237.) processing 'data\baza_slika\170902\P9170025.jpg' and saving...
  Time elapsed: 2.725001811981201s.
238.) processing 'data\baza_slika\170902\P9170026.jpg' and saving...
  Time elapsed: 2.6039981842041016s.
239.) processing 'data\baza_slika\170902\P9170027.jpg' and saving...
  Time elapsed: 2.9700019359588623s.
240.) processing 'data\baza_slika\170902\P9170028.jpg' and saving...
  Time elapsed: 2.9669976234436035s.
241.) processing 'data\baza_slika\170902\P9170030.jpg' and saving...
  Time elapsed: 2.8829996585845947s.
242.) processing 'data\baza_slika\170902\P9170031.jpg' and saving...
  Time elapsed: 2.51200270652771s.
243.) processing 'data\baza_slika\170902\P9170032.jpg' and saving...
  Time elapsed: 2.958000898361206s.
244.) processing 'data\baza_slika\170902\P9170033.jpg' and saving...
  Time elapsed: 2.818997859954834s.
245.) processing 'data\baza_slika\170902\P9170034.jpg' and saving...
  Time elapsed: 2.6410012245178223s.
246.) processing 'data\baza_slika\170902\P9170035.jpg' and saving...
  Time elapsed: 2.81099796295166s.
247.) processing 'data\baza_slika\170902\P9170036.jpg' and saving...
  Time elapsed: 3.0270001888275146s.
248.) processing 'data\baza_slika\170902\P9170037.jpg' and saving...
  Time elapsed: 2.5940017700195312s.
249.) processing 'data\baza_slika\170902\P9170038.jpg' and saving...
  Time elapsed: 2.9259986877441406s.
250.) processing 'data\baza_slika\170902\P9170039.jpg' and saving...
  Time elapsed: 3.3119990825653076s.
251.) processing 'data\baza_slika\170902\P9170040.jpg' and saving...
  Time elapsed: 3.1830034255981445s.
252.) processing 'data\baza_slika\170902\P9170041.jpg' and saving...
  Time elapsed: 2.7969987392425537s.
253.) processing 'data\baza_slika\170902\P9170042.jpg' and saving...
  Time elapsed: 3.2159976959228516s.
254.) processing 'data\baza_slika\170902\P9170043.jpg' and saving...
  Time elapsed: 2.8990001678466797s.
255.) processing 'data\baza_slika\170902\P9170044.jpg' and saving...
  Time elapsed: 2.7480010986328125s.
256.) processing 'data\baza_slika\170902\P9170045.jpg' and saving...
  Time elapsed: 2.8949992656707764s.
257.) processing 'data\baza_slika\170902\P9170046.jpg' and saving...
  Time elapsed: 2.8969995975494385s.
258.) processing 'data\baza_slika\170902\P9170047.jpg' and saving...
  Time elapsed: 2.5470001697540283s.
259.) processing 'data\baza_slika\170902\P9170048.jpg' and saving...
  Time elapsed: 2.78800106048584s.
260.) processing 'data\baza_slika\170902\P9170049.jpg' and saving...
  Time elapsed: 2.9499998092651367s.
261.) processing 'data\baza_slika\170902\P9170050.jpg' and saving...
  Time elapsed: 2.8799986839294434s.
262.) processing 'data\baza_slika\170902\P9170051.jpg' and saving...
  Time elapsed: 3.0270020961761475s.
263.) processing 'data\baza_slika\170902\P9170052.jpg' and saving...
  Time elapsed: 2.8869998455047607s.
264.) processing 'data\baza_slika\170902\P9170053.jpg' and saving...
  Time elapsed: 2.962999105453491s.
265.) processing 'data\baza_slika\170902\P9170054.jpg' and saving...
  Time elapsed: 3.048999786376953s.
266.) processing 'data\baza_slika\180902\P9180001.jpg' and saving...
  Time elapsed: 3.251999616622925s.
267.) processing 'data\baza_slika\180902\P9180002.jpg' and saving...
  Time elapsed: 2.9840006828308105s.
268.) processing 'data\baza_slika\180902\P9180003.jpg' and saving...
  Time elapsed: 3.0720012187957764s.
269.) processing 'data\baza_slika\180902\P9180004.jpg' and saving...
  Time elapsed: 2.7809979915618896s.
270.) processing 'data\baza_slika\180902\P9180005.jpg' and saving...
  Time elapsed: 2.737001895904541s.
271.) processing 'data\baza_slika\180902\P9180006.jpg' and saving...
  Time elapsed: 2.700997829437256s.
272.) processing 'data\baza_slika\180902\P9180007.jpg' and saving...
  Time elapsed: 2.6420040130615234s.
273.) processing 'data\baza_slika\180902\P9180008.jpg' and saving...
  Time elapsed: 2.6629955768585205s.
274.) processing 'data\baza_slika\180902\P9180009.jpg' and saving...
  Time elapsed: 2.7820005416870117s.
275.) processing 'data\baza_slika\180902\P9180010.jpg' and saving...
  Time elapsed: 2.9820008277893066s.
276.) processing 'data\baza_slika\180902\P9180011.jpg' and saving...
  Time elapsed: 3.0719995498657227s.
277.) processing 'data\baza_slika\180902\P9180012.jpg' and saving...
  Time elapsed: 2.9800007343292236s.
278.) processing 'data\baza_slika\180902\P9180013.jpg' and saving...
  Time elapsed: 3.0359997749328613s.
279.) processing 'data\baza_slika\180902\P9180014.jpg' and saving...
  Time elapsed: 3.185999870300293s.
280.) processing 'data\baza_slika\180902\P9180015.jpg' and saving...
  Time elapsed: 2.9140005111694336s.
281.) processing 'data\baza_slika\180902\P9180016.jpg' and saving...
  Time elapsed: 2.654001235961914s.
282.) processing 'data\baza_slika\180902\P9180017.jpg' and saving...
  Time elapsed: 2.9499971866607666s.
283.) processing 'data\baza_slika\180902\P9180018.jpg' and saving...
  Time elapsed: 2.953002691268921s.
284.) processing 'data\baza_slika\180902\P9180019.jpg' and saving...
  Time elapsed: 2.8339977264404297s.
285.) processing 'data\baza_slika\180902\P9180020.jpg' and saving...
  Time elapsed: 2.9030027389526367s.
286.) processing 'data\baza_slika\180902\P9180021.jpg' and saving...
  Time elapsed: 3.131997585296631s.
287.) processing 'data\baza_slika\180902\P9180022.jpg' and saving...
  Time elapsed: 2.922001361846924s.
288.) processing 'data\baza_slika\180902\P9180023.jpg' and saving...
  Time elapsed: 2.8749992847442627s.
289.) processing 'data\baza_slika\180902\P9180024.jpg' and saving...
  Time elapsed: 3.2199995517730713s.
290.) processing 'data\baza_slika\180902\P9180025.jpg' and saving...
  Time elapsed: 2.9469997882843018s.
291.) processing 'data\baza_slika\180902\P9180026.jpg' and saving...
  Time elapsed: 2.888000011444092s.
292.) processing 'data\baza_slika\180902\P9180027.jpg' and saving...
  Time elapsed: 2.798999786376953s.
293.) processing 'data\baza_slika\180902\P9180028.jpg' and saving...
  Time elapsed: 2.7109999656677246s.
294.) processing 'data\baza_slika\180902\P9180029.jpg' and saving...
  Time elapsed: 2.930999755859375s.
295.) processing 'data\baza_slika\180902\P9180030.jpg' and saving...
  Time elapsed: 2.7019999027252197s.
296.) processing 'data\baza_slika\180902\P9180031.jpg' and saving...
  Time elapsed: 2.8480024337768555s.
297.) processing 'data\baza_slika\180902\P9180032.jpg' and saving...
  Time elapsed: 2.83599853515625s.
298.) processing 'data\baza_slika\180902\P9180033.jpg' and saving...
  Time elapsed: 2.950000524520874s.
299.) processing 'data\baza_slika\180902\P9180034.jpg' and saving...
  Time elapsed: 2.9149985313415527s.
300.) processing 'data\baza_slika\180902\P9180035.jpg' and saving...
  Time elapsed: 3.2180025577545166s.
301.) processing 'data\baza_slika\180902\P9180036.jpg' and saving...
  Time elapsed: 2.7879981994628906s.
302.) processing 'data\baza_slika\180902\P9180037.jpg' and saving...
  Time elapsed: 2.609001398086548s.
303.) processing 'data\baza_slika\180902\P9180038.jpg' and saving...
  Time elapsed: 2.62599778175354s.
304.) processing 'data\baza_slika\180902\P9180039.jpg' and saving...
  Time elapsed: 3.1830005645751953s.
305.) processing 'data\baza_slika\180902\P9180040.jpg' and saving...
  Time elapsed: 3.072000026702881s.
306.) processing 'data\baza_slika\180902\P9180041.jpg' and saving...
  Time elapsed: 2.9680001735687256s.
307.) processing 'data\baza_slika\180902\P9180042.jpg' and saving...
  Time elapsed: 2.661999464035034s.
308.) processing 'data\baza_slika\180902\P9180043.jpg' and saving...
  Time elapsed: 2.678999900817871s.
309.) processing 'data\baza_slika\180902\P9180044.jpg' and saving...
  Time elapsed: 2.7350006103515625s.
310.) processing 'data\baza_slika\180902\P9180045.jpg' and saving...
  Time elapsed: 2.915001392364502s.
311.) processing 'data\baza_slika\180902\P9180046.jpg' and saving...
  Time elapsed: 2.9629979133605957s.
312.) processing 'data\baza_slika\180902\P9180047.jpg' and saving...
  Time elapsed: 2.6050002574920654s.
313.) processing 'data\baza_slika\180902\P9180048.jpg' and saving...
  Time elapsed: 2.6409997940063477s.
314.) processing 'data\baza_slika\180902\P9180049.jpg' and saving...
  Time elapsed: 2.5210001468658447s.
315.) processing 'data\baza_slika\180902\P9180050.jpg' and saving...
  Time elapsed: 2.685511589050293s.
316.) processing 'data\baza_slika\180902\P9180051.jpg' and saving...
  Time elapsed: 2.6829991340637207s.
317.) processing 'data\baza_slika\180902\P9180052.jpg' and saving...
  Time elapsed: 2.703000545501709s.
318.) processing 'data\baza_slika\180902\P9180053.jpg' and saving...
  Time elapsed: 2.3190016746520996s.
319.) processing 'data\baza_slika\180902\P9180054.jpg' and saving...
  Time elapsed: 2.8009979724884033s.
320.) processing 'data\baza_slika\180902\P9190056.jpg' and saving...
  Time elapsed: 2.731001138687134s.
321.) processing 'data\baza_slika\180902\P9190057.jpg' and saving...
  Time elapsed: 2.547999143600464s.
322.) processing 'data\baza_slika\180902\P9190058.jpg' and saving...
  Time elapsed: 2.634999990463257s.
323.) processing 'data\baza_slika\180902\P9190059.jpg' and saving...
  Time elapsed: 2.822000026702881s.
324.) processing 'data\baza_slika\180902\P9190060.jpg' and saving...
  Time elapsed: 2.6870017051696777s.
325.) processing 'data\baza_slika\180902\P9190063.jpg' and saving...
  Time elapsed: 2.8709986209869385s.
326.) processing 'data\baza_slika\180902\P9190064.jpg' and saving...
  Time elapsed: 2.730999708175659s.
327.) processing 'data\baza_slika\180902\P9190065.jpg' and saving...
  Time elapsed: 2.757999897003174s.
328.) processing 'data\baza_slika\180902\P9190066.jpg' and saving...
  Time elapsed: 2.9529998302459717s.
329.) processing 'data\baza_slika\180902\P9190067.jpg' and saving...
  Time elapsed: 3.206000804901123s.
330.) processing 'data\baza_slika\180902\P9190068.jpg' and saving...
  Time elapsed: 2.540001153945923s.
331.) processing 'data\baza_slika\210503\P1010001.jpg' and saving...
  Time elapsed: 2.5839993953704834s.
332.) processing 'data\baza_slika\210503\P1010002.jpg' and saving...
  Time elapsed: 3.072002410888672s.
333.) processing 'data\baza_slika\210503\P1010003.jpg' and saving...
  Time elapsed: 2.9989988803863525s.
334.) processing 'data\baza_slika\210503\P1010004.jpg' and saving...
  Time elapsed: 3.082914352416992s.
335.) processing 'data\baza_slika\210503\P1010005.jpg' and saving...
  Time elapsed: 2.7359988689422607s.
336.) processing 'data\baza_slika\210503\P1010006.jpg' and saving...
  Time elapsed: 3.0269999504089355s.
337.) processing 'data\baza_slika\210503\P1010007.jpg' and saving...
  Time elapsed: 2.7080001831054688s.
338.) processing 'data\baza_slika\210503\P1010008.jpg' and saving...
  Time elapsed: 2.8690025806427s.
339.) processing 'data\baza_slika\210503\P1010009.jpg' and saving...
  Time elapsed: 2.7139995098114014s.
340.) processing 'data\baza_slika\210503\P1010010.jpg' and saving...
  Time elapsed: 2.6379995346069336s.
341.) processing 'data\baza_slika\210503\P1010011.jpg' and saving...
  Time elapsed: 2.81099796295166s.
342.) processing 'data\baza_slika\210503\P1010012.jpg' and saving...
  Time elapsed: 2.955000638961792s.
343.) processing 'data\baza_slika\210503\P1010013.jpg' and saving...
  Time elapsed: 2.7840001583099365s.
344.) processing 'data\baza_slika\210503\P1010014.jpg' and saving...
  Time elapsed: 2.8000011444091797s.
345.) processing 'data\baza_slika\210503\P1010015.jpg' and saving...
  Time elapsed: 3.032999038696289s.
346.) processing 'data\baza_slika\210503\P1010016.jpg' and saving...
  Time elapsed: 2.7580008506774902s.
347.) processing 'data\baza_slika\210503\P1010017.jpg' and saving...
  Time elapsed: 2.6839990615844727s.
348.) processing 'data\baza_slika\210503\P1010018.jpg' and saving...
  Time elapsed: 3.07700252532959s.
349.) processing 'data\baza_slika\210503\P1010019.jpg' and saving...
  Time elapsed: 2.69099760055542s.
350.) processing 'data\baza_slika\210503\P1010020.jpg' and saving...
  Time elapsed: 2.852998971939087s.
351.) processing 'data\baza_slika\210503\P1010021.jpg' and saving...
  Time elapsed: 2.8230011463165283s.
352.) processing 'data\baza_slika\210503\P1010022.jpg' and saving...
  Time elapsed: 2.679999351501465s.
353.) processing 'data\baza_slika\210503\P1010023.jpg' and saving...
  Time elapsed: 3.0320019721984863s.
354.) processing 'data\baza_slika\210503\P1010024.jpg' and saving...
  Time elapsed: 2.9729976654052734s.
355.) processing 'data\baza_slika\210503\P1010025.jpg' and saving...
  Time elapsed: 2.90800142288208s.
356.) processing 'data\baza_slika\210503\P1010026.jpg' and saving...
  Time elapsed: 2.907999277114868s.
357.) processing 'data\baza_slika\210503\P1010027.jpg' and saving...
  Time elapsed: 2.515000104904175s.
358.) processing 'data\baza_slika\210503\P1010028.jpg' and saving...
  Time elapsed: 2.746066093444824s.
359.) processing 'data\baza_slika\210503\P1010029.jpg' and saving...
  Time elapsed: 2.7259998321533203s.
360.) processing 'data\baza_slika\210503\P1010030.jpg' and saving...
  Time elapsed: 3.0040009021759033s.
361.) processing 'data\baza_slika\210503\P1010031.jpg' and saving...
  Time elapsed: 3.023000478744507s.
362.) processing 'data\baza_slika\210503\P1010032.jpg' and saving...
  Time elapsed: 2.7279984951019287s.
363.) processing 'data\baza_slika\210503\P1010033.jpg' and saving...
  Time elapsed: 2.9200010299682617s.
364.) processing 'data\baza_slika\210503\P1010034.jpg' and saving...
  Time elapsed: 2.7929999828338623s.
365.) processing 'data\baza_slika\210503\P1010035.jpg' and saving...
  Time elapsed: 2.7160003185272217s.
366.) processing 'data\baza_slika\210503\P1010036.jpg' and saving...
  Time elapsed: 3.033998966217041s.
367.) processing 'data\baza_slika\210503\P1010037.jpg' and saving...
  Time elapsed: 2.871999740600586s.
368.) processing 'data\baza_slika\210503\P1010038.jpg' and saving...
  Time elapsed: 2.815999746322632s.
369.) processing 'data\baza_slika\210503\P1010039.jpg' and saving...
  Time elapsed: 2.8570022583007812s.
370.) processing 'data\baza_slika\210503\P1010040.jpg' and saving...
  Time elapsed: 2.718998670578003s.
371.) processing 'data\baza_slika\210503\P1010041.jpg' and saving...
  Time elapsed: 2.7469980716705322s.
372.) processing 'data\baza_slika\210503\P1010042.jpg' and saving...
  Time elapsed: 2.6840004920959473s.
373.) processing 'data\baza_slika\210503\P1010043.jpg' and saving...
  Time elapsed: 2.846001386642456s.
374.) processing 'data\baza_slika\210503\P1010044.jpg' and saving...
  Time elapsed: 2.8049991130828857s.
375.) processing 'data\baza_slika\210503\P1010045.jpg' and saving...
  Time elapsed: 2.4920010566711426s.
376.) processing 'data\baza_slika\210503\P1010046.jpg' and saving...
  Time elapsed: 2.953998327255249s.
377.) processing 'data\baza_slika\210503\P1010047.jpg' and saving...
  Time elapsed: 2.6349992752075195s.
378.) processing 'data\baza_slika\210503\P1010048.jpg' and saving...
  Time elapsed: 2.5839970111846924s.
379.) processing 'data\baza_slika\210503\P1010049.jpg' and saving...
  Time elapsed: 2.815000057220459s.
380.) processing 'data\baza_slika\210503\P1010050.jpg' and saving...
  Time elapsed: 2.695000171661377s.
381.) processing 'data\baza_slika\210503\P1010051.jpg' and saving...
  Time elapsed: 2.8590006828308105s.
382.) processing 'data\baza_slika\210503\P1010052.jpg' and saving...
  Time elapsed: 2.9609994888305664s.
383.) processing 'data\baza_slika\210503\P1010053.jpg' and saving...
  Time elapsed: 2.88100266456604s.
384.) processing 'data\baza_slika\280503\P5280000.jpg' and saving...
  Time elapsed: 2.6149988174438477s.
385.) processing 'data\baza_slika\280503\P5280001.jpg' and saving...
  Time elapsed: 2.9369988441467285s.
386.) processing 'data\baza_slika\280503\P5280002.jpg' and saving...
  Time elapsed: 2.779000759124756s.
387.) processing 'data\baza_slika\280503\P5280003.jpg' and saving...
  Time elapsed: 3.2499990463256836s.
388.) processing 'data\baza_slika\280503\P5280004.jpg' and saving...
  Time elapsed: 3.1790010929107666s.
389.) processing 'data\baza_slika\280503\P5280005.jpg' and saving...
  Time elapsed: 2.831001043319702s.
390.) processing 'data\baza_slika\280503\P5280006.jpg' and saving...
  Time elapsed: 2.7649989128112793s.
391.) processing 'data\baza_slika\280503\P5280007.jpg' and saving...
  Time elapsed: 3.040998935699463s.
392.) processing 'data\baza_slika\280503\P5280008.jpg' and saving...
  Time elapsed: 2.822000026702881s.
393.) processing 'data\baza_slika\280503\P5280009.jpg' and saving...
  Time elapsed: 2.7290003299713135s.
394.) processing 'data\baza_slika\280503\P5280010.jpg' and saving...
  Time elapsed: 3.240002155303955s.
395.) processing 'data\baza_slika\280503\P5280011.jpg' and saving...
  Time elapsed: 2.7719995975494385s.
396.) processing 'data\baza_slika\280503\P5280012.jpg' and saving...
  Time elapsed: 3.0289974212646484s.
397.) processing 'data\baza_slika\280503\P5280013.jpg' and saving...
  Time elapsed: 2.9120028018951416s.
398.) processing 'data\baza_slika\280503\P5280014.jpg' and saving...
  Time elapsed: 3.193997859954834s.
399.) processing 'data\baza_slika\280503\P5280015.jpg' and saving...
  Time elapsed: 2.965001106262207s.
400.) processing 'data\baza_slika\280503\P5280016.jpg' and saving...
  Time elapsed: 3.018998861312866s.
401.) processing 'data\baza_slika\280503\P5280017.jpg' and saving...
  Time elapsed: 2.807999849319458s.
402.) processing 'data\baza_slika\280503\P5280018.jpg' and saving...
  Time elapsed: 2.7990000247955322s.
403.) processing 'data\baza_slika\280503\P5280019.jpg' and saving...
  Time elapsed: 3.3200011253356934s.
404.) processing 'data\baza_slika\280503\P5280020.jpg' and saving...
  Time elapsed: 3.041999101638794s.
405.) processing 'data\baza_slika\280503\P5280021.jpg' and saving...
  Time elapsed: 2.9850001335144043s.
406.) processing 'data\baza_slika\280503\P5280022.jpg' and saving...
  Time elapsed: 3.0860002040863037s.
407.) processing 'data\baza_slika\280503\P5280023.jpg' and saving...
  Time elapsed: 2.853001594543457s.
408.) processing 'data\baza_slika\280503\P5280024.jpg' and saving...
  Time elapsed: 2.8279988765716553s.
409.) processing 'data\baza_slika\280503\P5280025.jpg' and saving...
  Time elapsed: 2.83000111579895s.
410.) processing 'data\baza_slika\280503\P5280026.jpg' and saving...
  Time elapsed: 2.8969991207122803s.
411.) processing 'data\baza_slika\280503\P5280027.jpg' and saving...
  Time elapsed: 2.8410017490386963s.
412.) processing 'data\baza_slika\280503\P5280028.jpg' and saving...
  Time elapsed: 2.5799989700317383s.
413.) processing 'data\baza_slika\280503\P5280029.jpg' and saving...
  Time elapsed: 2.616999626159668s.
414.) processing 'data\baza_slika\280503\P5280030.jpg' and saving...
  Time elapsed: 2.7189996242523193s.
415.) processing 'data\baza_slika\280503\P5280031.jpg' and saving...
  Time elapsed: 2.803999900817871s.
416.) processing 'data\baza_slika\280503\P5280032.jpg' and saving...
  Time elapsed: 3.095000743865967s.
417.) processing 'data\baza_slika\280503\P5280033.jpg' and saving...
  Time elapsed: 3.0099995136260986s.
418.) processing 'data\baza_slika\280503\P5280034.jpg' and saving...
  Time elapsed: 2.946000099182129s.
419.) processing 'data\baza_slika\280503\P5280035.jpg' and saving...
  Time elapsed: 2.7220005989074707s.
420.) processing 'data\baza_slika\280503\P5280036.jpg' and saving...
  Time elapsed: 2.8169987201690674s.
421.) processing 'data\baza_slika\280503\P5280037.jpg' and saving...
  Time elapsed: 3.084000825881958s.
422.) processing 'data\baza_slika\280503\P5280038.jpg' and saving...
  Time elapsed: 3.0049993991851807s.
423.) processing 'data\baza_slika\280503\P5280039.jpg' and saving...
  Time elapsed: 2.609002113342285s.
424.) processing 'data\baza_slika\280503\P5280040.jpg' and saving...
  Time elapsed: 2.7709991931915283s.
425.) processing 'data\baza_slika\280503\P5280041.jpg' and saving...
  Time elapsed: 2.625998020172119s.
426.) processing 'data\baza_slika\280503\P5280042.jpg' and saving...
  Time elapsed: 3.0440025329589844s.
427.) processing 'data\baza_slika\280503\P5280043.jpg' and saving...
  Time elapsed: 2.9679996967315674s.
428.) processing 'data\baza_slika\280503\P5280044.jpg' and saving...
  Time elapsed: 2.880998373031616s.
429.) processing 'data\baza_slika\280503\P5280045.jpg' and saving...
  Time elapsed: 3.187999963760376s.
430.) processing 'data\baza_slika\280503\P5280046.jpg' and saving...
  Time elapsed: 3.028002977371216s.
431.) processing 'data\baza_slika\280503\P5280047.jpg' and saving...
  Time elapsed: 3.0469970703125s.
432.) processing 'data\baza_slika\280503\P5280048.jpg' and saving...
  Time elapsed: 3.1630003452301025s.
433.) processing 'data\baza_slika\280503\P5280049.jpg' and saving...
  Time elapsed: 2.992999315261841s.
434.) processing 'data\baza_slika\280503\P5280050.jpg' and saving...
  Time elapsed: 2.815999984741211s.
435.) processing 'data\baza_slika\280503\P5280051.jpg' and saving...
  Time elapsed: 2.7960002422332764s.
436.) processing 'data\baza_slika\280503\P5280052.jpg' and saving...
  Time elapsed: 2.928999662399292s.
437.) processing 'data\baza_slika\280503\P5280053.jpg' and saving...
  Time elapsed: 2.86899995803833s.
438.) processing 'data\baza_slika\280503\P5280054.jpg' and saving...
  Time elapsed: 3.1790003776550293s.
439.) processing 'data\baza_slika\280503\P5280055.jpg' and saving...
  Time elapsed: 2.643000841140747s.
440.) processing 'data\baza_slika\280503\P5280056.jpg' and saving...
  Time elapsed: 2.6409990787506104s.
441.) processing 'data\baza_slika\280503\P5280057.jpg' and saving...
  Time elapsed: 2.9210000038146973s.
442.) processing 'data\baza_slika\280503\P5280058.jpg' and saving...
  Time elapsed: 2.845001220703125s.
443.) processing 'data\baza_slika\280503\P5280059.jpg' and saving...
  Time elapsed: 2.819997549057007s.
444.) processing 'data\baza_slika\280503\P5280060.jpg' and saving...
  Time elapsed: 2.9150004386901855s.
445.) processing 'data\baza_slika\280503\P5280061.jpg' and saving...
  Time elapsed: 2.7789998054504395s.
446.) processing 'data\baza_slika\280503\P5280062.jpg' and saving...
  Time elapsed: 3.0090014934539795s.
447.) processing 'data\baza_slika\280503\P5280063.jpg' and saving...
  Time elapsed: 3.0599992275238037s.
448.) processing 'data\baza_slika\280503\P5280064.jpg' and saving...
  Time elapsed: 2.7649993896484375s.
449.) processing 'data\baza_slika\280503\P5280065.jpg' and saving...
  Time elapsed: 3.1440000534057617s.
450.) processing 'data\baza_slika\280503\P5280066.jpg' and saving...
  Time elapsed: 2.927001714706421s.
451.) processing 'data\baza_slika\280503\P5280067.jpg' and saving...
  Time elapsed: 2.894998788833618s.
452.) processing 'data\baza_slika\280503\P5280068.jpg' and saving...
  Time elapsed: 2.9439992904663086s.
453.) processing 'data\baza_slika\280503\P5280069.jpg' and saving...
  Time elapsed: 2.7249996662139893s.
454.) processing 'data\baza_slika\280503\P5280070.jpg' and saving...
  Time elapsed: 2.7149996757507324s.
455.) processing 'data\baza_slika\280503\P5280071.jpg' and saving...
  Time elapsed: 2.8880012035369873s.
456.) processing 'data\baza_slika\280503\P5280072.jpg' and saving...
  Time elapsed: 2.4870007038116455s.
457.) processing 'data\baza_slika\280503\P5280073.jpg' and saving...
  Time elapsed: 2.9739990234375s.
458.) processing 'data\baza_slika\280503\P5280074.jpg' and saving...
  Time elapsed: 2.678999185562134s.
459.) processing 'data\baza_slika\280503\P5280075.jpg' and saving...
  Time elapsed: 2.94700026512146s.
460.) processing 'data\baza_slika\280503\P5280076.jpg' and saving...
  Time elapsed: 2.815999746322632s.
461.) processing 'data\baza_slika\280503\P5280077.jpg' and saving...
  Time elapsed: 2.745000123977661s.
462.) processing 'data\baza_slika\280503\P5280078.jpg' and saving...
  Time elapsed: 2.8740007877349854s.
463.) processing 'data\baza_slika\280503\P5280079.jpg' and saving...
  Time elapsed: 2.8849992752075195s.
464.) processing 'data\baza_slika\280503\P5280080.jpg' and saving...
  Time elapsed: 2.8390004634857178s.
465.) processing 'data\baza_slika\280503\P5280081.jpg' and saving...
  Time elapsed: 3.0020031929016113s.
466.) processing 'data\baza_slika\280503\P5280082.jpg' and saving...
  Time elapsed: 3.023996114730835s.
467.) processing 'data\baza_slika\280503\P5280083.jpg' and saving...
  Time elapsed: 2.761000156402588s.
468.) processing 'data\baza_slika\280503\P5280084.jpg' and saving...
  Time elapsed: 2.9010002613067627s.
469.) processing 'data\baza_slika\280503\P5280085.jpg' and saving...
  Time elapsed: 2.8650002479553223s.
470.) processing 'data\baza_slika\280503\P5280086.jpg' and saving...
  Time elapsed: 3.0570015907287598s.
471.) processing 'data\baza_slika\280503\P5280087.jpg' and saving...
  Time elapsed: 2.764997720718384s.
472.) processing 'data\baza_slika\280503\P5280088.jpg' and saving...
  Time elapsed: 3.1090004444122314s.
473.) processing 'data\baza_slika\280503\P5280089.jpg' and saving...
  Time elapsed: 2.845001459121704s.
474.) processing 'data\baza_slika\280503\P5280090.jpg' and saving...
  Time elapsed: 2.833998680114746s.
475.) processing 'data\baza_slika\280503\P5280091.jpg' and saving...
  Time elapsed: 2.8390002250671387s.
476.) processing 'data\baza_slika\280503\P5280092.jpg' and saving...
  Time elapsed: 2.7710013389587402s.
477.) processing 'data\baza_slika\280503\P5280093.jpg' and saving...
  Time elapsed: 3.1480019092559814s.
478.) processing 'data\baza_slika\280503\P5280094.jpg' and saving...
  Time elapsed: 2.7539961338043213s.
479.) processing 'data\baza_slika\280503\P5280095.jpg' and saving...
  Time elapsed: 2.6590003967285156s.
480.) processing 'data\baza_slika\280503\P5280096.jpg' and saving...
  Time elapsed: 2.942999839782715s.
481.) processing 'data\baza_slika\280503\P5280097.jpg' and saving...
  Time elapsed: 2.7230000495910645s.
482.) processing 'data\baza_slika\280503\P5280098.jpg' and saving...
  Time elapsed: 2.6610019207000732s.
483.) processing 'data\baza_slika\280503\P5280099.jpg' and saving...
  Time elapsed: 2.9079999923706055s.
484.) processing 'data\baza_slika\280503\P5280100.jpg' and saving...
  Time elapsed: 2.9640002250671387s.
485.) processing 'data\baza_slika\280503\P5280101.jpg' and saving...
  Time elapsed: 2.9789984226226807s.
486.) processing 'data\baza_slika\280503\P5280102.jpg' and saving...
  Time elapsed: 2.8480000495910645s.
487.) processing 'data\baza_slika\280503\P5280103.jpg' and saving...
  Time elapsed: 2.9590001106262207s.
488.) processing 'data\baza_slika\280503\P5280104.jpg' and saving...
  Time elapsed: 2.8050007820129395s.
489.) processing 'data\baza_slika\280503\P5280105.jpg' and saving...
  Time elapsed: 2.98599910736084s.
490.) processing 'data\baza_slika\280503\P5280106.jpg' and saving...
  Time elapsed: 2.8810019493103027s.
491.) processing 'data\baza_slika\280503\P5280107.jpg' and saving...
  Time elapsed: 2.9579977989196777s.
492.) processing 'data\baza_slika\280503\P5280108.jpg' and saving...
  Time elapsed: 2.9740006923675537s.
493.) processing 'data\baza_slika\280503\P5280109.jpg' and saving...
  Time elapsed: 2.727999448776245s.
494.) processing 'data\baza_slika\280503\P5280110.jpg' and saving...
  Time elapsed: 2.8120005130767822s.
495.) processing 'data\baza_slika\280503\P5280111.jpg' and saving...
  Time elapsed: 2.8229992389678955s.
496.) processing 'data\baza_slika\280503\P5280112.jpg' and saving...
  Time elapsed: 3.1530001163482666s.
497.) processing 'data\baza_slika\280503\P5280113.jpg' and saving...
  Time elapsed: 2.8910000324249268s.
498.) processing 'data\baza_slika\280503\P5280114.jpg' and saving...
  Time elapsed: 3.001999855041504s.
499.) processing 'data\baza_slika\280503\P5280115.jpg' and saving...
  Time elapsed: 2.8279998302459717s.
500.) processing 'data\baza_slika\280503\P5280116.jpg' and saving...
  Time elapsed: 3.080000638961792s.
501.) processing 'data\baza_slika\280503\P5280117.jpg' and saving...
  Time elapsed: 2.844003438949585s.
502.) processing 'data\baza_slika\280503\P5280118.jpg' and saving...
  Time elapsed: 2.8239994049072266s.
503.) processing 'data\baza_slika\280503\P5280119.jpg' and saving...
  Time elapsed: 2.7399981021881104s.
504.) processing 'data\baza_slika\280503\P5280120.jpg' and saving...
  Time elapsed: 3.169999837875366s.
505.) processing 'data\baza_slika\280503\P5280121.jpg' and saving...
  Time elapsed: 2.774001359939575s.
506.) processing 'data\baza_slika\280503\P5280122.jpg' and saving...
  Time elapsed: 2.7659995555877686s.
507.) processing 'data\baza_slika\280503\P5280123.jpg' and saving...
  Time elapsed: 2.941998243331909s.
508.) processing 'data\baza_slika\280503\P5280124.jpg' and saving...
  Time elapsed: 2.8310022354125977s.
509.) processing 'data\baza_slika\280503\P5280125.jpg' and saving...
  Time elapsed: 3.1805455684661865s.
-----------------------------
TRAIN: 21784
VAL: 5592
Time elapsed: 24.168267492453257m.
