'data\baza_slika\040603\P1010002.jpg' : IOU=0.865   Predicted=ZH2476400   Target=ZH247640
'data\baza_slika\040603\P6040019.jpg' : IOU=0.527   Predicted=PA661GNB   Target=RI681GN
'data\baza_slika\040603\P6040034.jpg' : IOU=0.000   Predicted=0U   Target=ZG6123J
'data\baza_slika\040603\P6040045.jpg' : IOU=0.715   Predicted=ZG6082AKP   Target=ZG6082AK
'data\baza_slika\040603\P6040056.jpg' : IOU=0.000   Predicted=1NVE   Target=NJA1473
'data\baza_slika\070603\P6070030.jpg' : IOU=0.000   Predicted=0HMMMUU   Target=ST133EV
'data\baza_slika\070603\P6070039.jpg' : IOU=0.795   Predicted=032A161   Target=032A163
'data\baza_slika\070603\P6070050.jpg' : IOU=0.535   Predicted=G938EE   Target=PU938CE
'data\baza_slika\070603\P6070074.jpg' : IOU=0.000   Predicted=M000DV   Target=812T475
'data\baza_slika\070603\P6070083.jpg' : IOU=0.496   Predicted=M7037P   Target=M7037T
'data\baza_slika\070603\P6070093.jpg' : IOU=0.595   Predicted=Z200ID   Target=ZG200ID
'data\baza_slika\141002\Pa140009.jpg' : IOU=0.742   Predicted=ZG050D   Target=ZG050DD
'data\baza_slika\141002\Pa140013.jpg' : IOU=0.683   Predicted=ST937I   Target=ST937IS
'data\baza_slika\141002\Pa140027.jpg' : IOU=0.563   Predicted=G698AI   Target=HB698AI
'data\baza_slika\141002\Pa140032.jpg' : IOU=0.000   Predicted=0UU   Target=ZG4100AC
'data\baza_slika\141002\Pa140036.jpg' : IOU=0.810   Predicted=GSJ442   Target=GPJ442
'data\baza_slika\141002\Pa140041.jpg' : IOU=0.637   Predicted=ZG511S   Target=ZG511SF
'data\baza_slika\170902\P9170013.jpg' : IOU=0.797   Predicted=ST377IC   Target=ST377IE
'data\baza_slika\180902\P9180005.jpg' : IOU=0.000   Predicted=NUU   Target=ZG8894AB
'data\baza_slika\180902\P9180019.jpg' : IOU=0.901   Predicted=ZG1382AM   Target=ZG1382AB
'data\baza_slika\180902\P9180022.jpg' : IOU=0.784   Predicted=BAK8559   Target=BK8559
'data\baza_slika\180902\P9180039.jpg' : IOU=0.661   Predicted=SBR7193   Target=BRJ193
'data\baza_slika\180902\P9180042.jpg' : IOU=0.539   Predicted=ZG202H   Target=ZG2047M
'data\baza_slika\180902\P9180048.jpg' : IOU=0.666   Predicted=NJ056GD   Target=BA056GD
'data\baza_slika\180902\P9180052.jpg' : IOU=0.711   Predicted=ZG806K   Target=ZG806KF
'data\baza_slika\180902\P9190056.jpg' : IOU=0.707   Predicted=BSS5016   Target=NBJ3016
'data\baza_slika\180902\P9190066.jpg' : IOU=0.850   Predicted=A18   Target=VT418B
'data\baza_slika\210503\P1010008.jpg' : IOU=0.565   Predicted=KK2313   Target=KK2313L
'data\baza_slika\210503\P1010013.jpg' : IOU=0.000   Predicted=MMMH   Target=ZG715FB
'data\baza_slika\280503\P5280003.jpg' : IOU=0.000   Predicted=G98002   Target=ZG9074F
'data\baza_slika\280503\P5280011.jpg' : IOU=0.764   Predicted=ZG969N   Target=ZG969LN
'data\baza_slika\280503\P5280015.jpg' : IOU=0.000   Predicted=810K80E   Target=ZG9023AI
'data\baza_slika\280503\P5280081.jpg' : IOU=0.000   Predicted=HMMMU   Target=ZG776FB
'data\baza_slika\280503\P5280117.jpg' : IOU=0.749   Predicted=FGMG547   Target=FMG547
'data\baza_slika\280503\P5280122.jpg' : IOU=0.724   Predicted=BRM160   Target=BIRM160
'data\baza_slika\280503\P5280125.jpg' : IOU=0.000   Predicted=3091GM   Target=ZG3209F
-------------------------
Detection accuracy   : 0.97642
Recognition accuracy : 0.92927
Mean IOU             : 0.81306
Char Error Rate      : 0.03187
Incorrect length     : 0.05501
